0 info it worked if it ends with ok
1 verbose cli [ '/usr/local/Cellar/node/0.10.13/bin/node',
1 verbose cli   '/usr/local/bin/npm',
1 verbose cli   'adduser' ]
2 info using npm@1.3.2
3 info using node@v0.10.13
4 verbose adduser before first PUT { name: 'flovilmart',
4 verbose adduser   salt: 'XXXXX',
4 verbose adduser   password_sha: 'XXXXX',
4 verbose adduser   email: 'flovilmart@icloud.com',
4 verbose adduser   _id: 'org.couchdb.user:flovilmart',
4 verbose adduser   type: 'user',
4 verbose adduser   roles: [],
4 verbose adduser   date: '2014-04-22T19:23:13.692Z' }
5 verbose url raw /-/user/org.couchdb.user:flovilmart
6 verbose url resolving [ 'https://registry.npmjs.org/',
6 verbose url resolving   './-/user/org.couchdb.user:flovilmart' ]
7 verbose url resolved https://registry.npmjs.org/-/user/org.couchdb.user:flovilmart
8 info trying registry request attempt 1 at 15:23:13
9 http PUT https://registry.npmjs.org/-/user/org.couchdb.user:flovilmart
10 http 409 https://registry.npmjs.org/-/user/org.couchdb.user:flovilmart
11 verbose adduser update existing user
12 verbose url raw /-/user/org.couchdb.user:flovilmart
13 verbose url resolving [ 'https://registry.npmjs.org/',
13 verbose url resolving   './-/user/org.couchdb.user:flovilmart' ]
14 verbose url resolved https://registry.npmjs.org/-/user/org.couchdb.user:flovilmart
15 info trying registry request attempt 1 at 15:23:15
16 http GET https://registry.npmjs.org/-/user/org.couchdb.user:flovilmart
17 http 200 https://registry.npmjs.org/-/user/org.couchdb.user:flovilmart
18 verbose adduser userobj { name: 'flovilmart',
18 verbose adduser   salt: 'XXXXX',
18 verbose adduser   password_sha: 'XXXXX',
18 verbose adduser   email: 'flovilmart@icloud.com',
18 verbose adduser   _id: 'org.couchdb.user:flovilmart',
18 verbose adduser   type: 'user',
18 verbose adduser   roles: [],
18 verbose adduser   date: '2014-04-22T19:23:13.692Z' }
19 verbose url raw /-/user/org.couchdb.user:flovilmart/-rev/4-a1d5ee937e92d95e18431431cac63d29
20 verbose url resolving [ 'https://registry.npmjs.org/',
20 verbose url resolving   './-/user/org.couchdb.user:flovilmart/-rev/4-a1d5ee937e92d95e18431431cac63d29' ]
21 verbose url resolved https://registry.npmjs.org/-/user/org.couchdb.user:flovilmart/-rev/4-a1d5ee937e92d95e18431431cac63d29
22 info trying registry request attempt 1 at 15:23:15
23 http PUT https://registry.npmjs.org/-/user/org.couchdb.user:flovilmart/-rev/4-a1d5ee937e92d95e18431431cac63d29
24 http 403 https://registry.npmjs.org/-/user/org.couchdb.user:flovilmart/-rev/4-a1d5ee937e92d95e18431431cac63d29
25 verbose adduser back [ [Error: forbidden may not mix password_sha and pbkdf2
25 verbose adduser   You may need to upgrade your version of npm:
25 verbose adduser     npm install npm -g
25 verbose adduser   Note that this may need to be run as root/admin (sudo, etc.)
25 verbose adduser
25 verbose adduser   : -/user/org.couchdb.user:flovilmart/-rev/4-a1d5ee937e92d95e18431431cac63d29],
25 verbose adduser   { error: 'forbidden',
25 verbose adduser     reason: 'may not mix password_sha and pbkdf2\nYou may need to upgrade your version of npm:\n  npm install npm -g\nNote that this may need to be run as root/admin (sudo, etc.)\n\n' },
25 verbose adduser   '{"error":"forbidden","reason":"may not mix password_sha and pbkdf2\\nYou may need to upgrade your version of npm:\\n  npm install npm -g\\nNote that this may need to be run as root/admin (sudo, etc.)\\n\\n"}' ]
26 warn adduser Incorrect username or password
26 warn adduser You can reset your account by visiting:
26 warn adduser
26 warn adduser     http://admin.npmjs.org/reset
27 error Error: forbidden may not mix password_sha and pbkdf2
27 error You may need to upgrade your version of npm:
27 error   npm install npm -g
27 error Note that this may need to be run as root/admin (sudo, etc.)
27 error
27 error : -/user/org.couchdb.user:flovilmart/-rev/4-a1d5ee937e92d95e18431431cac63d29
27 error     at RegClient.<anonymous> (/usr/local/Cellar/node/0.10.13/lib/node_modules/npm/node_modules/npm-registry-client/lib/request.js:272:14)
27 error     at Request.self.callback (/usr/local/Cellar/node/0.10.13/lib/node_modules/npm/node_modules/request/index.js:148:22)
27 error     at Request.EventEmitter.emit (events.js:98:17)
27 error     at Request.<anonymous> (/usr/local/Cellar/node/0.10.13/lib/node_modules/npm/node_modules/request/index.js:876:14)
27 error     at Request.EventEmitter.emit (events.js:117:20)
27 error     at IncomingMessage.<anonymous> (/usr/local/Cellar/node/0.10.13/lib/node_modules/npm/node_modules/request/index.js:827:12)
27 error     at IncomingMessage.EventEmitter.emit (events.js:117:20)
27 error     at _stream_readable.js:910:16
27 error     at process._tickCallback (node.js:415:13)
28 error If you need help, you may report this log at:
28 error     <http://github.com/isaacs/npm/issues>
28 error or email it to:
28 error     <npm-@googlegroups.com>
29 error System Darwin 13.1.0
30 error command "/usr/local/Cellar/node/0.10.13/bin/node" "/usr/local/bin/npm" "adduser"
31 error cwd /Users/florent/src/parse-env
32 error node -v v0.10.13
33 error npm -v 1.3.2
34 verbose exit [ 1, true ]
